

Version:	3.50
CmdLine:	C:\Users\Usuario\Desktop\Estudos UFC\4º semestre\PIES\Projeto-Desktop-ONG\pies-projeto-desktop\sistema-apapeq.exe --l4j-debug
JNI:		No
WOW64:		Yes
Working dir:	C:\Users\Usuario\Desktop\Estudos UFC\4º semestre\PIES\Projeto-Desktop-ONG\pies-projeto-desktop\.
Requires JDK:	No
Requires 64-Bit: No
Java min ver:	
Java max ver:	
Substitute:	JAVA_HOME = C:\Program Files\Java\jdk-21\
Substitute:	PATH = C:\Program Files\Common Files\Oracle\Java\javapath;C:\Windows\system32;C:\Windows;C:\Windows\System32\Wbem;C:\Windows\System32\WindowsPowerShell\v1.0\;C:\Windows\System32\OpenSSH\;C:\Program Files\Go\bin;C:\Program Files\Git\cmd;C:\Program Files\nodejs\;C:\ProgramData\chocolatey\bin;C:\ProgramData\chocolatey\lib\maven\apache-maven-3.9.11\bin;C:\Program Files\Docker\Docker\resources\bin;C:\Users\Usuario\AppData\Local\Programs\Python\Python313\Scripts\;C:\Users\Usuario\AppData\Local\Programs\Python\Python313\;C:\Users\Usuario\AppData\Local\Microsoft\WindowsApps;C:\Users\Usuario\go\bin;C:\Users\Usuario\AppData\Local\Programs\Microsoft VS Code\bin;c:\users\usuario\.local\bin;C:\Users\Usuario\AppData\Roaming\npm;C:\Program Files\Java\jdk-21\\bin
JRE paths:	C:\Program Files\Java\jdk-21\;C:\Program Files\Common Files\Oracle\Java\javapath;C:\Windows\system32;C:\Windows;C:\Windows\System32\Wbem;C:\Windows\System32\WindowsPowerShell\v1.0\;C:\Windows\System32\OpenSSH\;C:\Program Files\Go\bin;C:\Program Files\Git\cmd;C:\Program Files\nodejs\;C:\ProgramData\chocolatey\bin;C:\ProgramData\chocolatey\lib\maven\apache-maven-3.9.11\bin;C:\Program Files\Docker\Docker\resources\bin;C:\Users\Usuario\AppData\Local\Programs\Python\Python313\Scripts\;C:\Users\Usuario\AppData\Local\Programs\Python\Python313\;C:\Users\Usuario\AppData\Local\Microsoft\WindowsApps;C:\Users\Usuario\go\bin;C:\Users\Usuario\AppData\Local\Programs\Microsoft VS Code\bin;c:\users\usuario\.local\bin;C:\Users\Usuario\AppData\Roaming\npm;C:\Program Files\Java\jdk-21\\bin
Check launcher:	C:\Program Files\Java\jdk-21\bin\javaw.exe (OK)
Version string: 1.021.000_008 / 64-Bit (OK)
Main class:	org.springframework.boot.loader.launch.JarLauncher
Add classpath:	Pies-front-1.0-SNAPSHOT.jar
Add classpath:	Pies-Backend-0.0.1-SNAPSHOT.jar
Launcher:	C:\Program Files\Java\jdk-21\bin\javaw.exe
Launcher args:	-classpath "C:\Users\Usuario\Desktop\Estudos UFC\4º semestre\PIES\Projeto-Desktop-ONG\pies-projeto-desktop\sistema-apapeq.exe;Pies-front-1.0-SNAPSHOT.jar;Pies-Backend-0.0.1-SNAPSHOT.jar" org.springframework.boot.loader.launch.JarLauncher
Args length:	237/32768 chars
Exit code:	0


Version:	3.50
CmdLine:	C:\Users\Usuario\Desktop\Estudos UFC\4º semestre\PIES\Projeto-Desktop-ONG\pies-projeto-desktop\sistema-apapeq.exe --l4j-debug
JNI:		No
WOW64:		Yes
Working dir:	C:\Users\Usuario\Desktop\Estudos UFC\4º semestre\PIES\Projeto-Desktop-ONG\pies-projeto-desktop\.
Requires JDK:	No
Requires 64-Bit: No
Java min ver:	1.011.000
Java max ver:	
Substitute:	JAVA_HOME = C:\Program Files\Java\jdk-21\
Substitute:	PATH = C:\Program Files\Common Files\Oracle\Java\javapath;C:\Windows\system32;C:\Windows;C:\Windows\System32\Wbem;C:\Windows\System32\WindowsPowerShell\v1.0\;C:\Windows\System32\OpenSSH\;C:\Program Files\Go\bin;C:\Program Files\Git\cmd;C:\Program Files\nodejs\;C:\ProgramData\chocolatey\bin;C:\ProgramData\chocolatey\lib\maven\apache-maven-3.9.11\bin;C:\Program Files\Docker\Docker\resources\bin;C:\Users\Usuario\AppData\Local\Programs\Python\Python313\Scripts\;C:\Users\Usuario\AppData\Local\Programs\Python\Python313\;C:\Users\Usuario\AppData\Local\Microsoft\WindowsApps;C:\Users\Usuario\go\bin;C:\Users\Usuario\AppData\Local\Programs\Microsoft VS Code\bin;c:\users\usuario\.local\bin;C:\Users\Usuario\AppData\Roaming\npm;C:\Program Files\Java\jdk-21\\bin
JRE paths:	C:\Program Files\Java\jdk-21\;C:\Program Files\Common Files\Oracle\Java\javapath;C:\Windows\system32;C:\Windows;C:\Windows\System32\Wbem;C:\Windows\System32\WindowsPowerShell\v1.0\;C:\Windows\System32\OpenSSH\;C:\Program Files\Go\bin;C:\Program Files\Git\cmd;C:\Program Files\nodejs\;C:\ProgramData\chocolatey\bin;C:\ProgramData\chocolatey\lib\maven\apache-maven-3.9.11\bin;C:\Program Files\Docker\Docker\resources\bin;C:\Users\Usuario\AppData\Local\Programs\Python\Python313\Scripts\;C:\Users\Usuario\AppData\Local\Programs\Python\Python313\;C:\Users\Usuario\AppData\Local\Microsoft\WindowsApps;C:\Users\Usuario\go\bin;C:\Users\Usuario\AppData\Local\Programs\Microsoft VS Code\bin;c:\users\usuario\.local\bin;C:\Users\Usuario\AppData\Roaming\npm;C:\Program Files\Java\jdk-21\\bin
Check launcher:	C:\Program Files\Java\jdk-21\bin\javaw.exe (OK)
Version string: 1.021.000_008 / 64-Bit (OK)
Main class:	org.springframework.boot.loader.JarLauncher
Add classpath:	Pies-Backend-0.0.1-SNAPSHOT.jar
Launcher:	C:\Program Files\Java\jdk-21\bin\javaw.exe
Launcher args:	-classpath "C:\Users\Usuario\Desktop\Estudos UFC\4º semestre\PIES\Projeto-Desktop-ONG\pies-projeto-desktop\sistema-apapeq.exe;Pies-Backend-0.0.1-SNAPSHOT.jar" org.springframework.boot.loader.JarLauncher
Args length:	202/32768 chars
Exit code:	0
